{"F:\\Facultad\\Quality Assurance\\Trabajos\\12\\operations.js": {"path":"F:\\Facultad\\Quality Assurance\\Trabajos\\12\\operations.js","statementMap":{"0":{"start":{"line":2,"column":14},"end":{"line":4,"column":1}},"1":{"start":{"line":3,"column":2},"end":{"line":3,"column":14}},"2":{"start":{"line":8,"column":13},"end":{"line":10,"column":1}},"3":{"start":{"line":9,"column":2},"end":{"line":9,"column":29}},"4":{"start":{"line":14,"column":14},"end":{"line":16,"column":1}},"5":{"start":{"line":15,"column":2},"end":{"line":15,"column":31}},"6":{"start":{"line":20,"column":23},"end":{"line":22,"column":1}},"7":{"start":{"line":21,"column":2},"end":{"line":21,"column":27}},"8":{"start":{"line":26,"column":17},"end":{"line":32,"column":1}},"9":{"start":{"line":27,"column":2},"end":{"line":31,"column":3}},"10":{"start":{"line":28,"column":4},"end":{"line":28,"column":39}},"11":{"start":{"line":30,"column":4},"end":{"line":30,"column":31}},"12":{"start":{"line":36,"column":25},"end":{"line":42,"column":1}},"13":{"start":{"line":37,"column":2},"end":{"line":37,"column":54}},"14":{"start":{"line":37,"column":35},"end":{"line":37,"column":54}},"15":{"start":{"line":38,"column":2},"end":{"line":41,"column":3}},"16":{"start":{"line":38,"column":15},"end":{"line":38,"column":16}},"17":{"start":{"line":40,"column":4},"end":{"line":40,"column":28}},"18":{"start":{"line":46,"column":17},"end":{"line":48,"column":1}},"19":{"start":{"line":47,"column":2},"end":{"line":47,"column":34}},"20":{"start":{"line":52,"column":12},"end":{"line":58,"column":1}},"21":{"start":{"line":53,"column":15},"end":{"line":53,"column":17}},"22":{"start":{"line":55,"column":2},"end":{"line":56,"column":24}},"23":{"start":{"line":56,"column":4},"end":{"line":56,"column":24}},"24":{"start":{"line":57,"column":2},"end":{"line":57,"column":16}},"25":{"start":{"line":59,"column":10},"end":{"line":61,"column":1}},"26":{"start":{"line":60,"column":2},"end":{"line":60,"column":19}},"27":{"start":{"line":62,"column":14},"end":{"line":62,"column":40}},"28":{"start":{"line":68,"column":4},"end":{"line":68,"column":17}},"29":{"start":{"line":70,"column":2},"end":{"line":70,"column":35}},"30":{"start":{"line":87,"column":17},"end":{"line":94,"column":1}},"31":{"start":{"line":88,"column":15},"end":{"line":88,"column":29}},"32":{"start":{"line":89,"column":17},"end":{"line":89,"column":44}},"33":{"start":{"line":90,"column":2},"end":{"line":92,"column":3}},"34":{"start":{"line":90,"column":15},"end":{"line":90,"column":16}},"35":{"start":{"line":91,"column":6},"end":{"line":91,"column":28}},"36":{"start":{"line":93,"column":2},"end":{"line":93,"column":16}}},"fnMap":{"0":{"name":"(anonymous_0)","decl":{"start":{"line":2,"column":14},"end":{"line":2,"column":15}},"loc":{"start":{"line":2,"column":25},"end":{"line":4,"column":1}},"line":2},"1":{"name":"(anonymous_1)","decl":{"start":{"line":8,"column":13},"end":{"line":8,"column":14}},"loc":{"start":{"line":8,"column":37},"end":{"line":10,"column":1}},"line":8},"2":{"name":"(anonymous_2)","decl":{"start":{"line":14,"column":14},"end":{"line":14,"column":15}},"loc":{"start":{"line":14,"column":40},"end":{"line":16,"column":1}},"line":14},"3":{"name":"(anonymous_3)","decl":{"start":{"line":20,"column":23},"end":{"line":20,"column":24}},"loc":{"start":{"line":20,"column":45},"end":{"line":22,"column":1}},"line":20},"4":{"name":"(anonymous_4)","decl":{"start":{"line":26,"column":17},"end":{"line":26,"column":18}},"loc":{"start":{"line":26,"column":41},"end":{"line":32,"column":1}},"line":26},"5":{"name":"(anonymous_5)","decl":{"start":{"line":36,"column":25},"end":{"line":36,"column":26}},"loc":{"start":{"line":36,"column":59},"end":{"line":42,"column":1}},"line":36},"6":{"name":"(anonymous_6)","decl":{"start":{"line":46,"column":17},"end":{"line":46,"column":18}},"loc":{"start":{"line":46,"column":38},"end":{"line":48,"column":1}},"line":46},"7":{"name":"(anonymous_7)","decl":{"start":{"line":52,"column":12},"end":{"line":52,"column":13}},"loc":{"start":{"line":52,"column":22},"end":{"line":58,"column":1}},"line":52},"8":{"name":"(anonymous_8)","decl":{"start":{"line":59,"column":10},"end":{"line":59,"column":11}},"loc":{"start":{"line":59,"column":17},"end":{"line":61,"column":1}},"line":59},"9":{"name":"anidada","decl":{"start":{"line":66,"column":9},"end":{"line":66,"column":16}},"loc":{"start":{"line":66,"column":22},"end":{"line":71,"column":1}},"line":66},"10":{"name":"cuadrado","decl":{"start":{"line":67,"column":11},"end":{"line":67,"column":19}},"loc":{"start":{"line":67,"column":23},"end":{"line":69,"column":3}},"line":67},"11":{"name":"(anonymous_11)","decl":{"start":{"line":87,"column":17},"end":{"line":87,"column":18}},"loc":{"start":{"line":87,"column":39},"end":{"line":94,"column":1}},"line":87}},"branchMap":{"0":{"loc":{"start":{"line":27,"column":2},"end":{"line":31,"column":3}},"type":"if","locations":[{"start":{"line":27,"column":2},"end":{"line":31,"column":3}},{"start":{"line":27,"column":2},"end":{"line":31,"column":3}}],"line":27},"1":{"loc":{"start":{"line":37,"column":2},"end":{"line":37,"column":54}},"type":"if","locations":[{"start":{"line":37,"column":2},"end":{"line":37,"column":54}},{"start":{"line":37,"column":2},"end":{"line":37,"column":54}}],"line":37}},"s":{"0":1,"1":1,"2":1,"3":1,"4":1,"5":1,"6":1,"7":1,"8":1,"9":2,"10":1,"11":1,"12":1,"13":2,"14":1,"15":2,"16":2,"17":2,"18":1,"19":1,"20":1,"21":1,"22":1,"23":7,"24":1,"25":1,"26":7,"27":1,"28":2,"29":1,"30":1,"31":1,"32":1,"33":1,"34":1,"35":4,"36":1},"f":{"0":1,"1":1,"2":1,"3":1,"4":2,"5":2,"6":1,"7":1,"8":7,"9":1,"10":2,"11":1},"b":{"0":[1,1],"1":[1,1]},"_coverageSchema":"1a1c01bbd47fc00a2c39e90264f33305004495a9","hash":"6cec9e1134d63431ac56fa7555cfef86b111d95b"}
}
