TN:
SF:operations.js
FN:2,(anonymous_0)
FN:8,(anonymous_1)
FN:14,(anonymous_2)
FN:20,(anonymous_3)
FN:26,(anonymous_4)
FN:36,(anonymous_5)
FN:46,(anonymous_6)
FN:52,(anonymous_7)
FN:59,(anonymous_8)
FN:66,anidada
FN:67,cuadrado
FN:87,(anonymous_11)
FNF:12
FNH:12
FNDA:1,(anonymous_0)
FNDA:1,(anonymous_1)
FNDA:1,(anonymous_2)
FNDA:1,(anonymous_3)
FNDA:2,(anonymous_4)
FNDA:2,(anonymous_5)
FNDA:1,(anonymous_6)
FNDA:1,(anonymous_7)
FNDA:7,(anonymous_8)
FNDA:1,anidada
FNDA:2,cuadrado
FNDA:1,(anonymous_11)
DA:2,1
DA:3,1
DA:8,1
DA:9,1
DA:14,1
DA:15,1
DA:20,1
DA:21,1
DA:26,1
DA:27,2
DA:28,1
DA:30,1
DA:36,1
DA:37,2
DA:38,2
DA:40,2
DA:46,1
DA:47,1
DA:52,1
DA:53,1
DA:55,1
DA:56,7
DA:57,1
DA:59,1
DA:60,7
DA:62,1
DA:68,2
DA:70,1
DA:87,1
DA:88,1
DA:89,1
DA:90,1
DA:91,4
DA:93,1
LF:34
LH:34
BRDA:27,0,0,1
BRDA:27,0,1,1
BRDA:37,1,0,1
BRDA:37,1,1,1
BRF:4
BRH:4
end_of_record
